<?xml version="1.0" encoding="UTF-8"?>
<!-- Generated by org.testng.reporters.JUnitReportReporter -->
<testsuite hostname="DESKTOP-FN3O4BQ" failures="0" tests="2" name="BoltTest" time="21.918" errors="0" timestamp="2023-01-09T17:02:29 IST" skipped="0">
  <testcase classname="BoltTest" name="addCart" time="10.868"/>
  <system-out/>
  <testcase classname="BoltTest" name="listOfitems" time="11.050"/>
  <system-out/>
</testsuite> <!-- BoltTest -->
