<?xml version="1.0" encoding="UTF-8"?>
<!-- Generated by org.testng.reporters.JUnitReportReporter -->
<testsuite hostname="DESKTOP-FN3O4BQ" failures="0" tests="2" name="swagerTest.BoltTest" time="21.160" errors="0" timestamp="2023-01-10T09:36:29 IST" skipped="0">
  <testcase classname="swagerTest.BoltTest" name="listOfitems" time="9.820"/>
  <system-out/>
  <testcase classname="swagerTest.BoltTest" name="addCart" time="11.340"/>
  <system-out/>
</testsuite> <!-- swagerTest.BoltTest -->
